ARM GAS  C:\Users\23612\AppData\Local\Temp\cchkkEHI.s 			page 1


   1              		.cpu cortex-m4
   2              		.arch armv7e-m
   3              		.fpu fpv4-sp-d16
   4              		.eabi_attribute 27, 1
   5              		.eabi_attribute 28, 1
   6              		.eabi_attribute 20, 1
   7              		.eabi_attribute 21, 1
   8              		.eabi_attribute 23, 3
   9              		.eabi_attribute 24, 1
  10              		.eabi_attribute 25, 1
  11              		.eabi_attribute 26, 1
  12              		.eabi_attribute 30, 1
  13              		.eabi_attribute 34, 1
  14              		.eabi_attribute 18, 4
  15              		.file	"stm32f4xx_it.c"
  16              		.text
  17              	.Ltext0:
  18              		.cfi_sections	.debug_frame
  19              		.section	.text.NMI_Handler,"ax",%progbits
  20              		.align	1
  21              		.global	NMI_Handler
  22              		.syntax unified
  23              		.thumb
  24              		.thumb_func
  26              	NMI_Handler:
  27              	.LFB170:
  28              		.file 1 "Core/Src/stm32f4xx_it.c"
   1:Core/Src/stm32f4xx_it.c **** /* USER CODE BEGIN Header */
   2:Core/Src/stm32f4xx_it.c **** /**
   3:Core/Src/stm32f4xx_it.c ****   ******************************************************************************
   4:Core/Src/stm32f4xx_it.c ****   * @file    stm32f4xx_it.c
   5:Core/Src/stm32f4xx_it.c ****   * @brief   Interrupt Service Routines.
   6:Core/Src/stm32f4xx_it.c ****   ******************************************************************************
   7:Core/Src/stm32f4xx_it.c ****   * @attention
   8:Core/Src/stm32f4xx_it.c ****   *
   9:Core/Src/stm32f4xx_it.c ****   * Copyright (c) 2024 STMicroelectronics.
  10:Core/Src/stm32f4xx_it.c ****   * All rights reserved.
  11:Core/Src/stm32f4xx_it.c ****   *
  12:Core/Src/stm32f4xx_it.c ****   * This software is licensed under terms that can be found in the LICENSE file
  13:Core/Src/stm32f4xx_it.c ****   * in the root directory of this software component.
  14:Core/Src/stm32f4xx_it.c ****   * If no LICENSE file comes with this software, it is provided AS-IS.
  15:Core/Src/stm32f4xx_it.c ****   *
  16:Core/Src/stm32f4xx_it.c ****   ******************************************************************************
  17:Core/Src/stm32f4xx_it.c ****   */
  18:Core/Src/stm32f4xx_it.c **** /* USER CODE END Header */
  19:Core/Src/stm32f4xx_it.c **** 
  20:Core/Src/stm32f4xx_it.c **** /* Includes ------------------------------------------------------------------*/
  21:Core/Src/stm32f4xx_it.c **** #include "main.h"
  22:Core/Src/stm32f4xx_it.c **** #include "stm32f4xx_it.h"
  23:Core/Src/stm32f4xx_it.c **** /* Private includes ----------------------------------------------------------*/
  24:Core/Src/stm32f4xx_it.c **** /* USER CODE BEGIN Includes */
  25:Core/Src/stm32f4xx_it.c **** #include "usart.h"
  26:Core/Src/stm32f4xx_it.c **** /* USER CODE END Includes */
  27:Core/Src/stm32f4xx_it.c **** 
  28:Core/Src/stm32f4xx_it.c **** /* Private typedef -----------------------------------------------------------*/
  29:Core/Src/stm32f4xx_it.c **** /* USER CODE BEGIN TD */
  30:Core/Src/stm32f4xx_it.c **** 
ARM GAS  C:\Users\23612\AppData\Local\Temp\cchkkEHI.s 			page 2


  31:Core/Src/stm32f4xx_it.c **** /* USER CODE END TD */
  32:Core/Src/stm32f4xx_it.c **** 
  33:Core/Src/stm32f4xx_it.c **** /* Private define ------------------------------------------------------------*/
  34:Core/Src/stm32f4xx_it.c **** /* USER CODE BEGIN PD */
  35:Core/Src/stm32f4xx_it.c **** 
  36:Core/Src/stm32f4xx_it.c **** /* USER CODE END PD */
  37:Core/Src/stm32f4xx_it.c **** 
  38:Core/Src/stm32f4xx_it.c **** /* Private macro -------------------------------------------------------------*/
  39:Core/Src/stm32f4xx_it.c **** /* USER CODE BEGIN PM */
  40:Core/Src/stm32f4xx_it.c **** 
  41:Core/Src/stm32f4xx_it.c **** /* USER CODE END PM */
  42:Core/Src/stm32f4xx_it.c **** 
  43:Core/Src/stm32f4xx_it.c **** /* Private variables ---------------------------------------------------------*/
  44:Core/Src/stm32f4xx_it.c **** /* USER CODE BEGIN PV */
  45:Core/Src/stm32f4xx_it.c **** 
  46:Core/Src/stm32f4xx_it.c **** /* USER CODE END PV */
  47:Core/Src/stm32f4xx_it.c **** 
  48:Core/Src/stm32f4xx_it.c **** /* Private function prototypes -----------------------------------------------*/
  49:Core/Src/stm32f4xx_it.c **** /* USER CODE BEGIN PFP */
  50:Core/Src/stm32f4xx_it.c **** 
  51:Core/Src/stm32f4xx_it.c **** /* USER CODE END PFP */
  52:Core/Src/stm32f4xx_it.c **** 
  53:Core/Src/stm32f4xx_it.c **** /* Private user code ---------------------------------------------------------*/
  54:Core/Src/stm32f4xx_it.c **** /* USER CODE BEGIN 0 */
  55:Core/Src/stm32f4xx_it.c **** 
  56:Core/Src/stm32f4xx_it.c **** /* USER CODE END 0 */
  57:Core/Src/stm32f4xx_it.c **** 
  58:Core/Src/stm32f4xx_it.c **** /* External variables --------------------------------------------------------*/
  59:Core/Src/stm32f4xx_it.c **** extern DMA_HandleTypeDef hdma_spi3_tx;
  60:Core/Src/stm32f4xx_it.c **** extern TIM_HandleTypeDef htim4;
  61:Core/Src/stm32f4xx_it.c **** extern DMA_HandleTypeDef hdma_usart1_tx;
  62:Core/Src/stm32f4xx_it.c **** extern DMA_HandleTypeDef hdma_usart1_rx;
  63:Core/Src/stm32f4xx_it.c **** extern UART_HandleTypeDef huart1;
  64:Core/Src/stm32f4xx_it.c **** extern TIM_HandleTypeDef htim1;
  65:Core/Src/stm32f4xx_it.c **** 
  66:Core/Src/stm32f4xx_it.c **** /* USER CODE BEGIN EV */
  67:Core/Src/stm32f4xx_it.c **** 
  68:Core/Src/stm32f4xx_it.c **** /* USER CODE END EV */
  69:Core/Src/stm32f4xx_it.c **** 
  70:Core/Src/stm32f4xx_it.c **** /******************************************************************************/
  71:Core/Src/stm32f4xx_it.c **** /*           Cortex-M4 Processor Interruption and Exception Handlers          */
  72:Core/Src/stm32f4xx_it.c **** /******************************************************************************/
  73:Core/Src/stm32f4xx_it.c **** /**
  74:Core/Src/stm32f4xx_it.c ****   * @brief This function handles Non maskable interrupt.
  75:Core/Src/stm32f4xx_it.c ****   */
  76:Core/Src/stm32f4xx_it.c **** void NMI_Handler(void)
  77:Core/Src/stm32f4xx_it.c **** {
  29              		.loc 1 77 1 view -0
  30              		.cfi_startproc
  31              		@ Volatile: function does not return.
  32              		@ args = 0, pretend = 0, frame = 0
  33              		@ frame_needed = 0, uses_anonymous_args = 0
  34              		@ link register save eliminated.
  35              	.L2:
  78:Core/Src/stm32f4xx_it.c ****   /* USER CODE BEGIN NonMaskableInt_IRQn 0 */
  79:Core/Src/stm32f4xx_it.c **** 
  80:Core/Src/stm32f4xx_it.c ****   /* USER CODE END NonMaskableInt_IRQn 0 */
ARM GAS  C:\Users\23612\AppData\Local\Temp\cchkkEHI.s 			page 3


  81:Core/Src/stm32f4xx_it.c ****   /* USER CODE BEGIN NonMaskableInt_IRQn 1 */
  82:Core/Src/stm32f4xx_it.c ****    while (1)
  36              		.loc 1 82 4 discriminator 1 view .LVU1
  83:Core/Src/stm32f4xx_it.c ****   {
  84:Core/Src/stm32f4xx_it.c ****   }
  37              		.loc 1 84 3 discriminator 1 view .LVU2
  82:Core/Src/stm32f4xx_it.c ****   {
  38              		.loc 1 82 10 discriminator 1 view .LVU3
  39 0000 FEE7     		b	.L2
  40              		.cfi_endproc
  41              	.LFE170:
  43              		.section	.text.HardFault_Handler,"ax",%progbits
  44              		.align	1
  45              		.global	HardFault_Handler
  46              		.syntax unified
  47              		.thumb
  48              		.thumb_func
  50              	HardFault_Handler:
  51              	.LFB171:
  85:Core/Src/stm32f4xx_it.c ****   /* USER CODE END NonMaskableInt_IRQn 1 */
  86:Core/Src/stm32f4xx_it.c **** }
  87:Core/Src/stm32f4xx_it.c **** 
  88:Core/Src/stm32f4xx_it.c **** /**
  89:Core/Src/stm32f4xx_it.c ****   * @brief This function handles Hard fault interrupt.
  90:Core/Src/stm32f4xx_it.c ****   */
  91:Core/Src/stm32f4xx_it.c **** void HardFault_Handler(void)
  92:Core/Src/stm32f4xx_it.c **** {
  52              		.loc 1 92 1 view -0
  53              		.cfi_startproc
  54              		@ Volatile: function does not return.
  55              		@ args = 0, pretend = 0, frame = 0
  56              		@ frame_needed = 0, uses_anonymous_args = 0
  57              		@ link register save eliminated.
  58              	.L4:
  93:Core/Src/stm32f4xx_it.c ****   /* USER CODE BEGIN HardFault_IRQn 0 */
  94:Core/Src/stm32f4xx_it.c **** 
  95:Core/Src/stm32f4xx_it.c ****   /* USER CODE END HardFault_IRQn 0 */
  96:Core/Src/stm32f4xx_it.c ****   while (1)
  59              		.loc 1 96 3 discriminator 1 view .LVU5
  97:Core/Src/stm32f4xx_it.c ****   {
  98:Core/Src/stm32f4xx_it.c ****     /* USER CODE BEGIN W1_HardFault_IRQn 0 */
  99:Core/Src/stm32f4xx_it.c ****     /* USER CODE END W1_HardFault_IRQn 0 */
 100:Core/Src/stm32f4xx_it.c ****   }
  60              		.loc 1 100 3 discriminator 1 view .LVU6
  96:Core/Src/stm32f4xx_it.c ****   {
  61              		.loc 1 96 9 discriminator 1 view .LVU7
  62 0000 FEE7     		b	.L4
  63              		.cfi_endproc
  64              	.LFE171:
  66              		.section	.text.MemManage_Handler,"ax",%progbits
  67              		.align	1
  68              		.global	MemManage_Handler
  69              		.syntax unified
  70              		.thumb
  71              		.thumb_func
  73              	MemManage_Handler:
  74              	.LFB172:
ARM GAS  C:\Users\23612\AppData\Local\Temp\cchkkEHI.s 			page 4


 101:Core/Src/stm32f4xx_it.c **** }
 102:Core/Src/stm32f4xx_it.c **** 
 103:Core/Src/stm32f4xx_it.c **** /**
 104:Core/Src/stm32f4xx_it.c ****   * @brief This function handles Memory management fault.
 105:Core/Src/stm32f4xx_it.c ****   */
 106:Core/Src/stm32f4xx_it.c **** void MemManage_Handler(void)
 107:Core/Src/stm32f4xx_it.c **** {
  75              		.loc 1 107 1 view -0
  76              		.cfi_startproc
  77              		@ Volatile: function does not return.
  78              		@ args = 0, pretend = 0, frame = 0
  79              		@ frame_needed = 0, uses_anonymous_args = 0
  80              		@ link register save eliminated.
  81              	.L6:
 108:Core/Src/stm32f4xx_it.c ****   /* USER CODE BEGIN MemoryManagement_IRQn 0 */
 109:Core/Src/stm32f4xx_it.c **** 
 110:Core/Src/stm32f4xx_it.c ****   /* USER CODE END MemoryManagement_IRQn 0 */
 111:Core/Src/stm32f4xx_it.c ****   while (1)
  82              		.loc 1 111 3 discriminator 1 view .LVU9
 112:Core/Src/stm32f4xx_it.c ****   {
 113:Core/Src/stm32f4xx_it.c ****     /* USER CODE BEGIN W1_MemoryManagement_IRQn 0 */
 114:Core/Src/stm32f4xx_it.c ****     /* USER CODE END W1_MemoryManagement_IRQn 0 */
 115:Core/Src/stm32f4xx_it.c ****   }
  83              		.loc 1 115 3 discriminator 1 view .LVU10
 111:Core/Src/stm32f4xx_it.c ****   {
  84              		.loc 1 111 9 discriminator 1 view .LVU11
  85 0000 FEE7     		b	.L6
  86              		.cfi_endproc
  87              	.LFE172:
  89              		.section	.text.BusFault_Handler,"ax",%progbits
  90              		.align	1
  91              		.global	BusFault_Handler
  92              		.syntax unified
  93              		.thumb
  94              		.thumb_func
  96              	BusFault_Handler:
  97              	.LFB173:
 116:Core/Src/stm32f4xx_it.c **** }
 117:Core/Src/stm32f4xx_it.c **** 
 118:Core/Src/stm32f4xx_it.c **** /**
 119:Core/Src/stm32f4xx_it.c ****   * @brief This function handles Pre-fetch fault, memory access fault.
 120:Core/Src/stm32f4xx_it.c ****   */
 121:Core/Src/stm32f4xx_it.c **** void BusFault_Handler(void)
 122:Core/Src/stm32f4xx_it.c **** {
  98              		.loc 1 122 1 view -0
  99              		.cfi_startproc
 100              		@ Volatile: function does not return.
 101              		@ args = 0, pretend = 0, frame = 0
 102              		@ frame_needed = 0, uses_anonymous_args = 0
 103              		@ link register save eliminated.
 104              	.L8:
 123:Core/Src/stm32f4xx_it.c ****   /* USER CODE BEGIN BusFault_IRQn 0 */
 124:Core/Src/stm32f4xx_it.c **** 
 125:Core/Src/stm32f4xx_it.c ****   /* USER CODE END BusFault_IRQn 0 */
 126:Core/Src/stm32f4xx_it.c ****   while (1)
 105              		.loc 1 126 3 discriminator 1 view .LVU13
 127:Core/Src/stm32f4xx_it.c ****   {
ARM GAS  C:\Users\23612\AppData\Local\Temp\cchkkEHI.s 			page 5


 128:Core/Src/stm32f4xx_it.c ****     /* USER CODE BEGIN W1_BusFault_IRQn 0 */
 129:Core/Src/stm32f4xx_it.c ****     /* USER CODE END W1_BusFault_IRQn 0 */
 130:Core/Src/stm32f4xx_it.c ****   }
 106              		.loc 1 130 3 discriminator 1 view .LVU14
 126:Core/Src/stm32f4xx_it.c ****   {
 107              		.loc 1 126 9 discriminator 1 view .LVU15
 108 0000 FEE7     		b	.L8
 109              		.cfi_endproc
 110              	.LFE173:
 112              		.section	.text.UsageFault_Handler,"ax",%progbits
 113              		.align	1
 114              		.global	UsageFault_Handler
 115              		.syntax unified
 116              		.thumb
 117              		.thumb_func
 119              	UsageFault_Handler:
 120              	.LFB174:
 131:Core/Src/stm32f4xx_it.c **** }
 132:Core/Src/stm32f4xx_it.c **** 
 133:Core/Src/stm32f4xx_it.c **** /**
 134:Core/Src/stm32f4xx_it.c ****   * @brief This function handles Undefined instruction or illegal state.
 135:Core/Src/stm32f4xx_it.c ****   */
 136:Core/Src/stm32f4xx_it.c **** void UsageFault_Handler(void)
 137:Core/Src/stm32f4xx_it.c **** {
 121              		.loc 1 137 1 view -0
 122              		.cfi_startproc
 123              		@ Volatile: function does not return.
 124              		@ args = 0, pretend = 0, frame = 0
 125              		@ frame_needed = 0, uses_anonymous_args = 0
 126              		@ link register save eliminated.
 127              	.L10:
 138:Core/Src/stm32f4xx_it.c ****   /* USER CODE BEGIN UsageFault_IRQn 0 */
 139:Core/Src/stm32f4xx_it.c **** 
 140:Core/Src/stm32f4xx_it.c ****   /* USER CODE END UsageFault_IRQn 0 */
 141:Core/Src/stm32f4xx_it.c ****   while (1)
 128              		.loc 1 141 3 discriminator 1 view .LVU17
 142:Core/Src/stm32f4xx_it.c ****   {
 143:Core/Src/stm32f4xx_it.c ****     /* USER CODE BEGIN W1_UsageFault_IRQn 0 */
 144:Core/Src/stm32f4xx_it.c ****     /* USER CODE END W1_UsageFault_IRQn 0 */
 145:Core/Src/stm32f4xx_it.c ****   }
 129              		.loc 1 145 3 discriminator 1 view .LVU18
 141:Core/Src/stm32f4xx_it.c ****   {
 130              		.loc 1 141 9 discriminator 1 view .LVU19
 131 0000 FEE7     		b	.L10
 132              		.cfi_endproc
 133              	.LFE174:
 135              		.section	.text.SVC_Handler,"ax",%progbits
 136              		.align	1
 137              		.global	SVC_Handler
 138              		.syntax unified
 139              		.thumb
 140              		.thumb_func
 142              	SVC_Handler:
 143              	.LFB175:
 146:Core/Src/stm32f4xx_it.c **** }
 147:Core/Src/stm32f4xx_it.c **** 
 148:Core/Src/stm32f4xx_it.c **** /**
ARM GAS  C:\Users\23612\AppData\Local\Temp\cchkkEHI.s 			page 6


 149:Core/Src/stm32f4xx_it.c ****   * @brief This function handles System service call via SWI instruction.
 150:Core/Src/stm32f4xx_it.c ****   */
 151:Core/Src/stm32f4xx_it.c **** void SVC_Handler(void)
 152:Core/Src/stm32f4xx_it.c **** {
 144              		.loc 1 152 1 view -0
 145              		.cfi_startproc
 146              		@ args = 0, pretend = 0, frame = 0
 147              		@ frame_needed = 0, uses_anonymous_args = 0
 148              		@ link register save eliminated.
 153:Core/Src/stm32f4xx_it.c ****   /* USER CODE BEGIN SVCall_IRQn 0 */
 154:Core/Src/stm32f4xx_it.c **** 
 155:Core/Src/stm32f4xx_it.c ****   /* USER CODE END SVCall_IRQn 0 */
 156:Core/Src/stm32f4xx_it.c ****   /* USER CODE BEGIN SVCall_IRQn 1 */
 157:Core/Src/stm32f4xx_it.c **** 
 158:Core/Src/stm32f4xx_it.c ****   /* USER CODE END SVCall_IRQn 1 */
 159:Core/Src/stm32f4xx_it.c **** }
 149              		.loc 1 159 1 view .LVU21
 150 0000 7047     		bx	lr
 151              		.cfi_endproc
 152              	.LFE175:
 154              		.section	.text.DebugMon_Handler,"ax",%progbits
 155              		.align	1
 156              		.global	DebugMon_Handler
 157              		.syntax unified
 158              		.thumb
 159              		.thumb_func
 161              	DebugMon_Handler:
 162              	.LFB176:
 160:Core/Src/stm32f4xx_it.c **** 
 161:Core/Src/stm32f4xx_it.c **** /**
 162:Core/Src/stm32f4xx_it.c ****   * @brief This function handles Debug monitor.
 163:Core/Src/stm32f4xx_it.c ****   */
 164:Core/Src/stm32f4xx_it.c **** void DebugMon_Handler(void)
 165:Core/Src/stm32f4xx_it.c **** {
 163              		.loc 1 165 1 view -0
 164              		.cfi_startproc
 165              		@ args = 0, pretend = 0, frame = 0
 166              		@ frame_needed = 0, uses_anonymous_args = 0
 167              		@ link register save eliminated.
 166:Core/Src/stm32f4xx_it.c ****   /* USER CODE BEGIN DebugMonitor_IRQn 0 */
 167:Core/Src/stm32f4xx_it.c **** 
 168:Core/Src/stm32f4xx_it.c ****   /* USER CODE END DebugMonitor_IRQn 0 */
 169:Core/Src/stm32f4xx_it.c ****   /* USER CODE BEGIN DebugMonitor_IRQn 1 */
 170:Core/Src/stm32f4xx_it.c **** 
 171:Core/Src/stm32f4xx_it.c ****   /* USER CODE END DebugMonitor_IRQn 1 */
 172:Core/Src/stm32f4xx_it.c **** }
 168              		.loc 1 172 1 view .LVU23
 169 0000 7047     		bx	lr
 170              		.cfi_endproc
 171              	.LFE176:
 173              		.section	.text.PendSV_Handler,"ax",%progbits
 174              		.align	1
 175              		.global	PendSV_Handler
 176              		.syntax unified
 177              		.thumb
 178              		.thumb_func
 180              	PendSV_Handler:
ARM GAS  C:\Users\23612\AppData\Local\Temp\cchkkEHI.s 			page 7


 181              	.LFB177:
 173:Core/Src/stm32f4xx_it.c **** 
 174:Core/Src/stm32f4xx_it.c **** /**
 175:Core/Src/stm32f4xx_it.c ****   * @brief This function handles Pendable request for system service.
 176:Core/Src/stm32f4xx_it.c ****   */
 177:Core/Src/stm32f4xx_it.c **** void PendSV_Handler(void)
 178:Core/Src/stm32f4xx_it.c **** {
 182              		.loc 1 178 1 view -0
 183              		.cfi_startproc
 184              		@ args = 0, pretend = 0, frame = 0
 185              		@ frame_needed = 0, uses_anonymous_args = 0
 186              		@ link register save eliminated.
 179:Core/Src/stm32f4xx_it.c ****   /* USER CODE BEGIN PendSV_IRQn 0 */
 180:Core/Src/stm32f4xx_it.c **** 
 181:Core/Src/stm32f4xx_it.c ****   /* USER CODE END PendSV_IRQn 0 */
 182:Core/Src/stm32f4xx_it.c ****   /* USER CODE BEGIN PendSV_IRQn 1 */
 183:Core/Src/stm32f4xx_it.c **** 
 184:Core/Src/stm32f4xx_it.c ****   /* USER CODE END PendSV_IRQn 1 */
 185:Core/Src/stm32f4xx_it.c **** }
 187              		.loc 1 185 1 view .LVU25
 188 0000 7047     		bx	lr
 189              		.cfi_endproc
 190              	.LFE177:
 192              		.section	.text.SysTick_Handler,"ax",%progbits
 193              		.align	1
 194              		.global	SysTick_Handler
 195              		.syntax unified
 196              		.thumb
 197              		.thumb_func
 199              	SysTick_Handler:
 200              	.LFB178:
 186:Core/Src/stm32f4xx_it.c **** 
 187:Core/Src/stm32f4xx_it.c **** /**
 188:Core/Src/stm32f4xx_it.c ****   * @brief This function handles System tick timer.
 189:Core/Src/stm32f4xx_it.c ****   */
 190:Core/Src/stm32f4xx_it.c **** void SysTick_Handler(void)
 191:Core/Src/stm32f4xx_it.c **** {
 201              		.loc 1 191 1 view -0
 202              		.cfi_startproc
 203              		@ args = 0, pretend = 0, frame = 0
 204              		@ frame_needed = 0, uses_anonymous_args = 0
 205              		@ link register save eliminated.
 192:Core/Src/stm32f4xx_it.c ****   /* USER CODE BEGIN SysTick_IRQn 0 */
 193:Core/Src/stm32f4xx_it.c **** 
 194:Core/Src/stm32f4xx_it.c ****   /* USER CODE END SysTick_IRQn 0 */
 195:Core/Src/stm32f4xx_it.c **** 
 196:Core/Src/stm32f4xx_it.c ****   /* USER CODE BEGIN SysTick_IRQn 1 */
 197:Core/Src/stm32f4xx_it.c **** 
 198:Core/Src/stm32f4xx_it.c ****   /* USER CODE END SysTick_IRQn 1 */
 199:Core/Src/stm32f4xx_it.c **** }
 206              		.loc 1 199 1 view .LVU27
 207 0000 7047     		bx	lr
 208              		.cfi_endproc
 209              	.LFE178:
 211              		.section	.text.DMA1_Stream5_IRQHandler,"ax",%progbits
 212              		.align	1
 213              		.global	DMA1_Stream5_IRQHandler
ARM GAS  C:\Users\23612\AppData\Local\Temp\cchkkEHI.s 			page 8


 214              		.syntax unified
 215              		.thumb
 216              		.thumb_func
 218              	DMA1_Stream5_IRQHandler:
 219              	.LFB179:
 200:Core/Src/stm32f4xx_it.c **** 
 201:Core/Src/stm32f4xx_it.c **** /******************************************************************************/
 202:Core/Src/stm32f4xx_it.c **** /* STM32F4xx Peripheral Interrupt Handlers                                    */
 203:Core/Src/stm32f4xx_it.c **** /* Add here the Interrupt Handlers for the used peripherals.                  */
 204:Core/Src/stm32f4xx_it.c **** /* For the available peripheral interrupt handler names,                      */
 205:Core/Src/stm32f4xx_it.c **** /* please refer to the startup file (startup_stm32f4xx.s).                    */
 206:Core/Src/stm32f4xx_it.c **** /******************************************************************************/
 207:Core/Src/stm32f4xx_it.c **** 
 208:Core/Src/stm32f4xx_it.c **** /**
 209:Core/Src/stm32f4xx_it.c ****   * @brief This function handles DMA1 stream5 global interrupt.
 210:Core/Src/stm32f4xx_it.c ****   */
 211:Core/Src/stm32f4xx_it.c **** void DMA1_Stream5_IRQHandler(void)
 212:Core/Src/stm32f4xx_it.c **** {
 220              		.loc 1 212 1 view -0
 221              		.cfi_startproc
 222              		@ args = 0, pretend = 0, frame = 0
 223              		@ frame_needed = 0, uses_anonymous_args = 0
 224 0000 08B5     		push	{r3, lr}
 225              	.LCFI0:
 226              		.cfi_def_cfa_offset 8
 227              		.cfi_offset 3, -8
 228              		.cfi_offset 14, -4
 213:Core/Src/stm32f4xx_it.c ****   /* USER CODE BEGIN DMA1_Stream5_IRQn 0 */
 214:Core/Src/stm32f4xx_it.c **** 
 215:Core/Src/stm32f4xx_it.c ****   /* USER CODE END DMA1_Stream5_IRQn 0 */
 216:Core/Src/stm32f4xx_it.c ****   HAL_DMA_IRQHandler(&hdma_spi3_tx);
 229              		.loc 1 216 3 view .LVU29
 230 0002 0248     		ldr	r0, .L17
 231 0004 FFF7FEFF 		bl	HAL_DMA_IRQHandler
 232              	.LVL0:
 217:Core/Src/stm32f4xx_it.c ****   /* USER CODE BEGIN DMA1_Stream5_IRQn 1 */
 218:Core/Src/stm32f4xx_it.c **** 
 219:Core/Src/stm32f4xx_it.c ****   /* USER CODE END DMA1_Stream5_IRQn 1 */
 220:Core/Src/stm32f4xx_it.c **** }
 233              		.loc 1 220 1 is_stmt 0 view .LVU30
 234 0008 08BD     		pop	{r3, pc}
 235              	.L18:
 236 000a 00BF     		.align	2
 237              	.L17:
 238 000c 00000000 		.word	hdma_spi3_tx
 239              		.cfi_endproc
 240              	.LFE179:
 242              		.section	.text.TIM1_UP_TIM10_IRQHandler,"ax",%progbits
 243              		.align	1
 244              		.global	TIM1_UP_TIM10_IRQHandler
 245              		.syntax unified
 246              		.thumb
 247              		.thumb_func
 249              	TIM1_UP_TIM10_IRQHandler:
 250              	.LFB180:
 221:Core/Src/stm32f4xx_it.c **** 
 222:Core/Src/stm32f4xx_it.c **** /**
ARM GAS  C:\Users\23612\AppData\Local\Temp\cchkkEHI.s 			page 9


 223:Core/Src/stm32f4xx_it.c ****   * @brief This function handles TIM1 update interrupt and TIM10 global interrupt.
 224:Core/Src/stm32f4xx_it.c ****   */
 225:Core/Src/stm32f4xx_it.c **** void TIM1_UP_TIM10_IRQHandler(void)
 226:Core/Src/stm32f4xx_it.c **** {
 251              		.loc 1 226 1 is_stmt 1 view -0
 252              		.cfi_startproc
 253              		@ args = 0, pretend = 0, frame = 0
 254              		@ frame_needed = 0, uses_anonymous_args = 0
 255 0000 08B5     		push	{r3, lr}
 256              	.LCFI1:
 257              		.cfi_def_cfa_offset 8
 258              		.cfi_offset 3, -8
 259              		.cfi_offset 14, -4
 227:Core/Src/stm32f4xx_it.c ****   /* USER CODE BEGIN TIM1_UP_TIM10_IRQn 0 */
 228:Core/Src/stm32f4xx_it.c **** 
 229:Core/Src/stm32f4xx_it.c ****   /* USER CODE END TIM1_UP_TIM10_IRQn 0 */
 230:Core/Src/stm32f4xx_it.c ****   HAL_TIM_IRQHandler(&htim1);
 260              		.loc 1 230 3 view .LVU32
 261 0002 0248     		ldr	r0, .L21
 262 0004 FFF7FEFF 		bl	HAL_TIM_IRQHandler
 263              	.LVL1:
 231:Core/Src/stm32f4xx_it.c ****   /* USER CODE BEGIN TIM1_UP_TIM10_IRQn 1 */
 232:Core/Src/stm32f4xx_it.c **** 
 233:Core/Src/stm32f4xx_it.c ****   /* USER CODE END TIM1_UP_TIM10_IRQn 1 */
 234:Core/Src/stm32f4xx_it.c **** }
 264              		.loc 1 234 1 is_stmt 0 view .LVU33
 265 0008 08BD     		pop	{r3, pc}
 266              	.L22:
 267 000a 00BF     		.align	2
 268              	.L21:
 269 000c 00000000 		.word	htim1
 270              		.cfi_endproc
 271              	.LFE180:
 273              		.section	.text.TIM4_IRQHandler,"ax",%progbits
 274              		.align	1
 275              		.global	TIM4_IRQHandler
 276              		.syntax unified
 277              		.thumb
 278              		.thumb_func
 280              	TIM4_IRQHandler:
 281              	.LFB181:
 235:Core/Src/stm32f4xx_it.c **** 
 236:Core/Src/stm32f4xx_it.c **** /**
 237:Core/Src/stm32f4xx_it.c ****   * @brief This function handles TIM4 global interrupt.
 238:Core/Src/stm32f4xx_it.c ****   */
 239:Core/Src/stm32f4xx_it.c **** void TIM4_IRQHandler(void)
 240:Core/Src/stm32f4xx_it.c **** {
 282              		.loc 1 240 1 is_stmt 1 view -0
 283              		.cfi_startproc
 284              		@ args = 0, pretend = 0, frame = 0
 285              		@ frame_needed = 0, uses_anonymous_args = 0
 286 0000 08B5     		push	{r3, lr}
 287              	.LCFI2:
 288              		.cfi_def_cfa_offset 8
 289              		.cfi_offset 3, -8
 290              		.cfi_offset 14, -4
 241:Core/Src/stm32f4xx_it.c ****   /* USER CODE BEGIN TIM4_IRQn 0 */
ARM GAS  C:\Users\23612\AppData\Local\Temp\cchkkEHI.s 			page 10


 242:Core/Src/stm32f4xx_it.c **** 
 243:Core/Src/stm32f4xx_it.c ****   /* USER CODE END TIM4_IRQn 0 */
 244:Core/Src/stm32f4xx_it.c ****   HAL_TIM_IRQHandler(&htim4);
 291              		.loc 1 244 3 view .LVU35
 292 0002 0248     		ldr	r0, .L25
 293 0004 FFF7FEFF 		bl	HAL_TIM_IRQHandler
 294              	.LVL2:
 245:Core/Src/stm32f4xx_it.c ****   /* USER CODE BEGIN TIM4_IRQn 1 */
 246:Core/Src/stm32f4xx_it.c **** 
 247:Core/Src/stm32f4xx_it.c ****   /* USER CODE END TIM4_IRQn 1 */
 248:Core/Src/stm32f4xx_it.c **** }
 295              		.loc 1 248 1 is_stmt 0 view .LVU36
 296 0008 08BD     		pop	{r3, pc}
 297              	.L26:
 298 000a 00BF     		.align	2
 299              	.L25:
 300 000c 00000000 		.word	htim4
 301              		.cfi_endproc
 302              	.LFE181:
 304              		.section	.text.USART1_IRQHandler,"ax",%progbits
 305              		.align	1
 306              		.global	USART1_IRQHandler
 307              		.syntax unified
 308              		.thumb
 309              		.thumb_func
 311              	USART1_IRQHandler:
 312              	.LFB182:
 249:Core/Src/stm32f4xx_it.c **** 
 250:Core/Src/stm32f4xx_it.c **** /**
 251:Core/Src/stm32f4xx_it.c ****   * @brief This function handles USART1 global interrupt.
 252:Core/Src/stm32f4xx_it.c ****   */
 253:Core/Src/stm32f4xx_it.c **** void USART1_IRQHandler(void)
 254:Core/Src/stm32f4xx_it.c **** {
 313              		.loc 1 254 1 is_stmt 1 view -0
 314              		.cfi_startproc
 315              		@ args = 0, pretend = 0, frame = 0
 316              		@ frame_needed = 0, uses_anonymous_args = 0
 317 0000 08B5     		push	{r3, lr}
 318              	.LCFI3:
 319              		.cfi_def_cfa_offset 8
 320              		.cfi_offset 3, -8
 321              		.cfi_offset 14, -4
 255:Core/Src/stm32f4xx_it.c ****   /* USER CODE BEGIN USART1_IRQn 0 */
 256:Core/Src/stm32f4xx_it.c **** 
 257:Core/Src/stm32f4xx_it.c ****   /* USER CODE END USART1_IRQn 0 */
 258:Core/Src/stm32f4xx_it.c ****   HAL_UART_IRQHandler(&huart1);
 322              		.loc 1 258 3 view .LVU38
 323 0002 0248     		ldr	r0, .L29
 324 0004 FFF7FEFF 		bl	HAL_UART_IRQHandler
 325              	.LVL3:
 259:Core/Src/stm32f4xx_it.c ****   /* USER CODE BEGIN USART1_IRQn 1 */
 260:Core/Src/stm32f4xx_it.c **** 
 261:Core/Src/stm32f4xx_it.c ****   /* USER CODE END USART1_IRQn 1 */
 262:Core/Src/stm32f4xx_it.c **** }
 326              		.loc 1 262 1 is_stmt 0 view .LVU39
 327 0008 08BD     		pop	{r3, pc}
 328              	.L30:
ARM GAS  C:\Users\23612\AppData\Local\Temp\cchkkEHI.s 			page 11


 329 000a 00BF     		.align	2
 330              	.L29:
 331 000c 00000000 		.word	huart1
 332              		.cfi_endproc
 333              	.LFE182:
 335              		.section	.text.DMA2_Stream2_IRQHandler,"ax",%progbits
 336              		.align	1
 337              		.global	DMA2_Stream2_IRQHandler
 338              		.syntax unified
 339              		.thumb
 340              		.thumb_func
 342              	DMA2_Stream2_IRQHandler:
 343              	.LFB183:
 263:Core/Src/stm32f4xx_it.c **** 
 264:Core/Src/stm32f4xx_it.c **** /**
 265:Core/Src/stm32f4xx_it.c ****   * @brief This function handles DMA2 stream2 global interrupt.
 266:Core/Src/stm32f4xx_it.c ****   */
 267:Core/Src/stm32f4xx_it.c **** void DMA2_Stream2_IRQHandler(void)
 268:Core/Src/stm32f4xx_it.c **** {
 344              		.loc 1 268 1 is_stmt 1 view -0
 345              		.cfi_startproc
 346              		@ args = 0, pretend = 0, frame = 0
 347              		@ frame_needed = 0, uses_anonymous_args = 0
 348 0000 08B5     		push	{r3, lr}
 349              	.LCFI4:
 350              		.cfi_def_cfa_offset 8
 351              		.cfi_offset 3, -8
 352              		.cfi_offset 14, -4
 269:Core/Src/stm32f4xx_it.c ****   /* USER CODE BEGIN DMA2_Stream2_IRQn 0 */
 270:Core/Src/stm32f4xx_it.c **** 
 271:Core/Src/stm32f4xx_it.c ****   /* USER CODE END DMA2_Stream2_IRQn 0 */
 272:Core/Src/stm32f4xx_it.c ****   HAL_DMA_IRQHandler(&hdma_usart1_rx);
 353              		.loc 1 272 3 view .LVU41
 354 0002 0248     		ldr	r0, .L33
 355 0004 FFF7FEFF 		bl	HAL_DMA_IRQHandler
 356              	.LVL4:
 273:Core/Src/stm32f4xx_it.c ****   /* USER CODE BEGIN DMA2_Stream2_IRQn 1 */
 274:Core/Src/stm32f4xx_it.c **** 
 275:Core/Src/stm32f4xx_it.c ****   /* USER CODE END DMA2_Stream2_IRQn 1 */
 276:Core/Src/stm32f4xx_it.c **** }
 357              		.loc 1 276 1 is_stmt 0 view .LVU42
 358 0008 08BD     		pop	{r3, pc}
 359              	.L34:
 360 000a 00BF     		.align	2
 361              	.L33:
 362 000c 00000000 		.word	hdma_usart1_rx
 363              		.cfi_endproc
 364              	.LFE183:
 366              		.section	.text.DMA2_Stream7_IRQHandler,"ax",%progbits
 367              		.align	1
 368              		.global	DMA2_Stream7_IRQHandler
 369              		.syntax unified
 370              		.thumb
 371              		.thumb_func
 373              	DMA2_Stream7_IRQHandler:
 374              	.LFB184:
 277:Core/Src/stm32f4xx_it.c **** 
ARM GAS  C:\Users\23612\AppData\Local\Temp\cchkkEHI.s 			page 12


 278:Core/Src/stm32f4xx_it.c **** /**
 279:Core/Src/stm32f4xx_it.c ****   * @brief This function handles DMA2 stream7 global interrupt.
 280:Core/Src/stm32f4xx_it.c ****   */
 281:Core/Src/stm32f4xx_it.c **** void DMA2_Stream7_IRQHandler(void)
 282:Core/Src/stm32f4xx_it.c **** {
 375              		.loc 1 282 1 is_stmt 1 view -0
 376              		.cfi_startproc
 377              		@ args = 0, pretend = 0, frame = 0
 378              		@ frame_needed = 0, uses_anonymous_args = 0
 379 0000 08B5     		push	{r3, lr}
 380              	.LCFI5:
 381              		.cfi_def_cfa_offset 8
 382              		.cfi_offset 3, -8
 383              		.cfi_offset 14, -4
 283:Core/Src/stm32f4xx_it.c ****   /* USER CODE BEGIN DMA2_Stream7_IRQn 0 */
 284:Core/Src/stm32f4xx_it.c **** 
 285:Core/Src/stm32f4xx_it.c ****   /* USER CODE END DMA2_Stream7_IRQn 0 */
 286:Core/Src/stm32f4xx_it.c ****   HAL_DMA_IRQHandler(&hdma_usart1_tx);
 384              		.loc 1 286 3 view .LVU44
 385 0002 0248     		ldr	r0, .L37
 386 0004 FFF7FEFF 		bl	HAL_DMA_IRQHandler
 387              	.LVL5:
 287:Core/Src/stm32f4xx_it.c ****   /* USER CODE BEGIN DMA2_Stream7_IRQn 1 */
 288:Core/Src/stm32f4xx_it.c **** 
 289:Core/Src/stm32f4xx_it.c ****   /* USER CODE END DMA2_Stream7_IRQn 1 */
 290:Core/Src/stm32f4xx_it.c **** }
 388              		.loc 1 290 1 is_stmt 0 view .LVU45
 389 0008 08BD     		pop	{r3, pc}
 390              	.L38:
 391 000a 00BF     		.align	2
 392              	.L37:
 393 000c 00000000 		.word	hdma_usart1_tx
 394              		.cfi_endproc
 395              	.LFE184:
 397              		.text
 398              	.Letext0:
 399              		.file 2 "d:\\gcc-arm-none-eabi-10.3-2021.10\\arm-none-eabi\\include\\machine\\_default_types.h"
 400              		.file 3 "d:\\gcc-arm-none-eabi-10.3-2021.10\\arm-none-eabi\\include\\sys\\_stdint.h"
 401              		.file 4 "Drivers/CMSIS/Device/ST/STM32F4xx/Include/stm32f429xx.h"
 402              		.file 5 "Drivers/STM32F4xx_HAL_Driver/Inc/stm32f4xx_hal_def.h"
 403              		.file 6 "Drivers/STM32F4xx_HAL_Driver/Inc/stm32f4xx_hal_dma.h"
 404              		.file 7 "Drivers/STM32F4xx_HAL_Driver/Inc/stm32f4xx_hal_tim.h"
 405              		.file 8 "Drivers/STM32F4xx_HAL_Driver/Inc/stm32f4xx_hal_uart.h"
 406              		.file 9 "Core/Inc/usart.h"
ARM GAS  C:\Users\23612\AppData\Local\Temp\cchkkEHI.s 			page 13


DEFINED SYMBOLS
                            *ABS*:00000000 stm32f4xx_it.c
C:\Users\23612\AppData\Local\Temp\cchkkEHI.s:20     .text.NMI_Handler:00000000 $t
C:\Users\23612\AppData\Local\Temp\cchkkEHI.s:26     .text.NMI_Handler:00000000 NMI_Handler
C:\Users\23612\AppData\Local\Temp\cchkkEHI.s:44     .text.HardFault_Handler:00000000 $t
C:\Users\23612\AppData\Local\Temp\cchkkEHI.s:50     .text.HardFault_Handler:00000000 HardFault_Handler
C:\Users\23612\AppData\Local\Temp\cchkkEHI.s:67     .text.MemManage_Handler:00000000 $t
C:\Users\23612\AppData\Local\Temp\cchkkEHI.s:73     .text.MemManage_Handler:00000000 MemManage_Handler
C:\Users\23612\AppData\Local\Temp\cchkkEHI.s:90     .text.BusFault_Handler:00000000 $t
C:\Users\23612\AppData\Local\Temp\cchkkEHI.s:96     .text.BusFault_Handler:00000000 BusFault_Handler
C:\Users\23612\AppData\Local\Temp\cchkkEHI.s:113    .text.UsageFault_Handler:00000000 $t
C:\Users\23612\AppData\Local\Temp\cchkkEHI.s:119    .text.UsageFault_Handler:00000000 UsageFault_Handler
C:\Users\23612\AppData\Local\Temp\cchkkEHI.s:136    .text.SVC_Handler:00000000 $t
C:\Users\23612\AppData\Local\Temp\cchkkEHI.s:142    .text.SVC_Handler:00000000 SVC_Handler
C:\Users\23612\AppData\Local\Temp\cchkkEHI.s:155    .text.DebugMon_Handler:00000000 $t
C:\Users\23612\AppData\Local\Temp\cchkkEHI.s:161    .text.DebugMon_Handler:00000000 DebugMon_Handler
C:\Users\23612\AppData\Local\Temp\cchkkEHI.s:174    .text.PendSV_Handler:00000000 $t
C:\Users\23612\AppData\Local\Temp\cchkkEHI.s:180    .text.PendSV_Handler:00000000 PendSV_Handler
C:\Users\23612\AppData\Local\Temp\cchkkEHI.s:193    .text.SysTick_Handler:00000000 $t
C:\Users\23612\AppData\Local\Temp\cchkkEHI.s:199    .text.SysTick_Handler:00000000 SysTick_Handler
C:\Users\23612\AppData\Local\Temp\cchkkEHI.s:212    .text.DMA1_Stream5_IRQHandler:00000000 $t
C:\Users\23612\AppData\Local\Temp\cchkkEHI.s:218    .text.DMA1_Stream5_IRQHandler:00000000 DMA1_Stream5_IRQHandler
C:\Users\23612\AppData\Local\Temp\cchkkEHI.s:238    .text.DMA1_Stream5_IRQHandler:0000000c $d
C:\Users\23612\AppData\Local\Temp\cchkkEHI.s:243    .text.TIM1_UP_TIM10_IRQHandler:00000000 $t
C:\Users\23612\AppData\Local\Temp\cchkkEHI.s:249    .text.TIM1_UP_TIM10_IRQHandler:00000000 TIM1_UP_TIM10_IRQHandler
C:\Users\23612\AppData\Local\Temp\cchkkEHI.s:269    .text.TIM1_UP_TIM10_IRQHandler:0000000c $d
C:\Users\23612\AppData\Local\Temp\cchkkEHI.s:274    .text.TIM4_IRQHandler:00000000 $t
C:\Users\23612\AppData\Local\Temp\cchkkEHI.s:280    .text.TIM4_IRQHandler:00000000 TIM4_IRQHandler
C:\Users\23612\AppData\Local\Temp\cchkkEHI.s:300    .text.TIM4_IRQHandler:0000000c $d
C:\Users\23612\AppData\Local\Temp\cchkkEHI.s:305    .text.USART1_IRQHandler:00000000 $t
C:\Users\23612\AppData\Local\Temp\cchkkEHI.s:311    .text.USART1_IRQHandler:00000000 USART1_IRQHandler
C:\Users\23612\AppData\Local\Temp\cchkkEHI.s:331    .text.USART1_IRQHandler:0000000c $d
C:\Users\23612\AppData\Local\Temp\cchkkEHI.s:336    .text.DMA2_Stream2_IRQHandler:00000000 $t
C:\Users\23612\AppData\Local\Temp\cchkkEHI.s:342    .text.DMA2_Stream2_IRQHandler:00000000 DMA2_Stream2_IRQHandler
C:\Users\23612\AppData\Local\Temp\cchkkEHI.s:362    .text.DMA2_Stream2_IRQHandler:0000000c $d
C:\Users\23612\AppData\Local\Temp\cchkkEHI.s:367    .text.DMA2_Stream7_IRQHandler:00000000 $t
C:\Users\23612\AppData\Local\Temp\cchkkEHI.s:373    .text.DMA2_Stream7_IRQHandler:00000000 DMA2_Stream7_IRQHandler
C:\Users\23612\AppData\Local\Temp\cchkkEHI.s:393    .text.DMA2_Stream7_IRQHandler:0000000c $d

UNDEFINED SYMBOLS
HAL_DMA_IRQHandler
hdma_spi3_tx
HAL_TIM_IRQHandler
htim1
htim4
HAL_UART_IRQHandler
huart1
hdma_usart1_rx
hdma_usart1_tx
